<?xml version="1.0" encoding="utf-8"?><testsuites name="pytest tests"><testsuite name="pytest" errors="0" failures="0" skipped="0" tests="9" time="3.213" timestamp="2026-06-09T03:43:00.214530+00:00" hostname="agent-env-ed978c61-52c8-4cf7-8ccf-3d4f051d51c1"><testcase classname="backend.tests.test_iteration3.TestDealerProfile" name="test_get_approved_dealer" time="0.679" /><testcase classname="backend.tests.test_iteration3.TestDealerProfile" name="test_get_nonexistent_dealer_404" time="0.174" /><testcase classname="backend.tests.test_iteration3.TestDealerProfile" name="test_get_non_dealer_user_404" time="0.676" /><testcase classname="backend.tests.test_iteration3.TestDealerVehicles" name="test_dealer_vehicles_published_only" time="0.120" /><testcase classname="backend.tests.test_iteration3.TestReviews" name="test_post_review_valid" time="0.500" /><testcase classname="backend.tests.test_iteration3.TestReviews" name="test_post_review_rating_out_of_range" time="0.264" /><testcase classname="backend.tests.test_iteration3.TestReviews" name="test_post_review_comment_too_short" time="0.110" /><testcase classname="backend.tests.test_iteration3.TestReviews" name="test_post_review_to_unknown_dealer" time="0.152" /><testcase classname="backend.tests.test_iteration3.TestReviews" name="test_rating_aggregate_across_multiple" time="0.460" /></testsuite></testsuites>