<?xml version="1.0" encoding="utf-8"?><testsuites name="pytest tests"><testsuite name="pytest" errors="0" failures="0" skipped="0" tests="13" time="2.089" timestamp="2026-06-09T03:31:59.179156+00:00" hostname="agent-env-ed978c61-52c8-4cf7-8ccf-3d4f051d51c1"><testcase classname="backend.tests.test_iteration2" name="test_setup_admin_login" time="0.513" /><testcase classname="backend.tests.test_iteration2" name="test_setup_register_and_approve_dealer" time="0.634" /><testcase classname="backend.tests.test_iteration2" name="test_create_two_vehicles_for_analytics" time="0.201" /><testcase classname="backend.tests.test_iteration2" name="test_views_increment_on_get" time="0.102" /><testcase classname="backend.tests.test_iteration2" name="test_by_ids_returns_published_only" time="0.055" /><testcase classname="backend.tests.test_iteration2" name="test_by_ids_empty_body" time="0.050" /><testcase classname="backend.tests.test_iteration2" name="test_by_ids_empty_list" time="0.052" /><testcase classname="backend.tests.test_iteration2" name="test_by_ids_invalid_ids_type" time="0.047" /><testcase classname="backend.tests.test_iteration2" name="test_create_inquiry_for_v2" time="0.050" /><testcase classname="backend.tests.test_iteration2" name="test_dealer_analytics_shape" time="0.050" /><testcase classname="backend.tests.test_iteration2" name="test_dealer_analytics_forbidden_for_non_dealer" time="0.064" /><testcase classname="backend.tests.test_iteration2" name="test_dealer_analytics_unauthenticated" time="0.049" /><testcase classname="backend.tests.test_iteration2" name="test_zz_cleanup" time="0.162" /></testsuite></testsuites>