<?xml version="1.0" encoding="utf-8"?><testsuites name="pytest tests"><testsuite name="pytest" errors="0" failures="1" skipped="0" tests="23" time="5.219" timestamp="2026-06-09T03:18:15.745272+00:00" hostname="agent-env-ed978c61-52c8-4cf7-8ccf-3d4f051d51c1"><testcase classname="backend.tests.backend_test" name="test_health" time="0.209" /><testcase classname="backend.tests.backend_test" name="test_admin_login" time="0.289" /><testcase classname="backend.tests.backend_test" name="test_register_dealer_pending" time="0.280" /><testcase classname="backend.tests.backend_test" name="test_register_duplicate" time="0.053" /><testcase classname="backend.tests.backend_test" name="test_login_wrong_password" time="0.272" /><testcase classname="backend.tests.backend_test" name="test_me" time="0.051"><failure message="AssertionError: assert 'test_dealer_...auto-markt.de' == 'TEST_dealer_...auto-markt.de'&#10;  &#10;  - TEST_dealer_93ef0bd5@auto-markt.de&#10;  ? ^^^^&#10;  + test_dealer_93ef0bd5@auto-markt.de&#10;  ? ^^^^">backend/tests/backend_test.py:74: in test_me
    assert r.json()["email"] == DEALER_EMAIL
E   AssertionError: assert 'test_dealer_...auto-markt.de' == 'TEST_dealer_...auto-markt.de'
E     
E     - TEST_dealer_93ef0bd5@auto-markt.de
E     ? ^^^^
E     + test_dealer_93ef0bd5@auto-markt.de
E     ? ^^^^</failure></testcase><testcase classname="backend.tests.backend_test" name="test_pending_dealer_cannot_create_vehicle" time="0.056" /><testcase classname="backend.tests.backend_test" name="test_admin_approve_dealer" time="0.334" /><testcase classname="backend.tests.backend_test" name="test_dealer_create_vehicle" time="0.053" /><testcase classname="backend.tests.backend_test" name="test_list_vehicles_with_filters" time="0.053" /><testcase classname="backend.tests.backend_test" name="test_featured" time="0.051" /><testcase classname="backend.tests.backend_test" name="test_facets" time="0.048" /><testcase classname="backend.tests.backend_test" name="test_get_vehicle_with_dealer" time="0.049" /><testcase classname="backend.tests.backend_test" name="test_dealer_update_vehicle" time="0.106" /><testcase classname="backend.tests.backend_test" name="test_inquiry_flow" time="0.159" /><testcase classname="backend.tests.backend_test" name="test_file_upload" time="0.481" /><testcase classname="backend.tests.backend_test" name="test_ai_describe_streams" time="2.104" /><testcase classname="backend.tests.backend_test" name="test_admin_stats" time="0.154" /><testcase classname="backend.tests.backend_test" name="test_admin_non_admin_forbidden" time="0.049" /><testcase classname="backend.tests.backend_test" name="test_admin_dealers_list" time="0.050" /><testcase classname="backend.tests.backend_test" name="test_admin_vehicles_list" time="0.051" /><testcase classname="backend.tests.backend_test" name="test_admin_deactivate_vehicle_hides_from_public" time="0.115" /><testcase classname="backend.tests.backend_test" name="test_zz_cleanup" time="0.049" /></testsuite></testsuites>